        -:    0:Source:login.c
        -:    0:Graph:client.gcno
        -:    0:Data:client.gcda
        -:    0:Runs:3
        -:    1:#include<header.h>
        -:    2:
        1:    3:int set(int a){
        1:    4:	printf("not registered \n");
    #####:    5:	while(1){
        -:    6:		char pass1[5],pass2[5];
        1:    7:		printf("enter password to register\n");
        1:    8:		fgets(pass1 , 5, stdin);
        1:    9:		if(strlen(pass1) < 5&&strlen(pass1) >2){
        -:   10:			while(1){
        1:   11:				printf("reenter the password\n");
        1:   12:				fgets(pass2 , 5, stdin);
        1:   13:				if(strcmp(pass1, pass2)==0)
        -:   14:				{
        1:   15:					send(a , pass1 , strlen(pass1), 0);
        1:   16:					return 0;
        -:   17:				}
        -:   18:				else
    #####:   19:					printf("enter valid password\n");
        -:   20:			}
        -:   21:		}	
        -:   22:		else
    #####:   23:			printf("password should be 2 to 4 digits \n");
        -:   24:	}
        -:   25:	return 1;
        -:   26:}
        1:   27:int valid (int a)
        -:   28:{
        -:   29:	char ch[3];
        1:   30:	recv(a , ch ,3,0);
        1:   31:	if (strcmp(ch ,"yes")==0)
        -:   32:	{
        1:   33:		return 0;
        -:   34:	}
        -:   35:	else 
    #####:   36:		return -1;
        -:   37:}
        -:   38:
        -:   39:
        2:   40:void activelist(int a){
        -:   41:	char p[32];
        -:   42:	while(1){
        2:   43:		memset(p, 0, sizeof(p));
        2:   44:		recv(a ,p,32,0);
        2:   45:		if(strcmp(p ,"end")==0){
        1:   46:			break;
        -:   47:		}
        -:   48:		else
        1:   49:			printf("%s\n",p);
        -:   50:	}
        1:   51:}
